11.7333 -0.1
23.4667 -0.2
35.2 -0.3
46.9333 -0.4
58.6667 -0.5
70.4 -0.6
82.1333 -0.7
93.8667 -0.8
105.6 -0.9
117.333 -1
129.067 -1.1
140.8 -1.2
152.533 -1.3
164.267 -1.4
176 -1.5
187.733 -1.6
199.467 -1.7
211.2 -1.8
222.933 -1.9
234.667 -2
246.4 -2.1
258.133 -2.2
269.867 -2.3
281.6 -2.4
293.333 -2.5
305.067 -2.6
316.8 -2.7
328.533 -2.8
340.267 -2.9
352 -3
363.733 -3.1
375.467 -3.2
387.2 -3.3
398.933 -3.4
410.667 -3.5
422.4 -3.6
434.133 -3.7
445.867 -3.8
457.6 -3.9
469.333 -4
481.067 -4.1
492.8 -4.2
504.533 -4.3
516.267 -4.4
528 -4.5
539.733 -4.6
551.467 -4.7
563.2 -4.8
574.933 -4.9
586.667 -5
598.4 -5.1
610.133 -5.2
621.867 -5.3
633.6 -5.4
645.333 -5.5
657.067 -5.6
668.8 -5.7
680.533 -5.8
692.267 -5.9
704 -6
715.733 -6.1
727.467 -6.2
739.2 -6.3
750.933 -6.4
762.667 -6.5
774.4 -6.6
786.133 -6.7
797.867 -6.8
809.6 -6.9
821.333 -7
833.067 -7.1
844.8 -7.2
856.533 -7.3
868.267 -7.4
880 -7.5
891.733 -7.6
903.467 -7.7
915.2 -7.8
926.933 -7.9
938.667 -8
950.4 -8.1
962.133 -8.2
973.867 -8.3
985.6 -8.4
997.333 -8.5
1009.07 -8.6
1020.8 -8.7
1032.53 -8.8
1044.27 -8.9
1056 -9
1067.73 -9.1
1079.47 -9.2
1091.2 -9.3
1102.93 -9.4
1114.67 -9.5
1126.4 -9.6
1138.13 -9.7
1149.82 -9.8
1161.02 -9.9
1172.21 -10
1183.4 -10.1
1194.6 -10.2
1205.79 -10.3
1216.98 -10.4
1226.52 -10.5
1235.67 -10.6
1244.83 -10.7
1253.99 -10.8
1263.15 -10.9
1272.3 -11
1281.46 -11.1
1290.62 -11.2
1299.77 -11.3
1308.93 -11.4
1317.88 -11.5
1326.15 -11.6
1334.42 -11.7
1342.69 -11.8
1350.96 -11.9
1359.23 -12
1367.5 -12.1
1375.77 -12.2
1383.27 -12.3
1390.35 -12.4
1397.13 -12.5
1402.18 -12.6
1407.24 -12.7
1412.29 -12.8
1417.34 -12.9
1422.4 -13
1427.45 -13.1
1432.5 -13.2
1437.56 -13.3
1442.35 -13.4
1446.38 -13.5
1450.41 -13.6
1454.45 -13.7
1458.48 -13.8
1462.51 -13.9
1466.54 -14
1470.57 -14.1
1474.6 -14.2
1478.63 -14.3
1482.66 -14.4
1486.69 -14.5
1490.72 -14.6
1494.75 -14.7
1498.78 -14.8
1502.81 -14.9
1506.84 -15
1510.88 -15.1
1514.91 -15.2
1518.94 -15.3
1522.97 -15.4
1525.5 -15.5
1526.63 -15.6
1527.77 -15.7
1528.91 -15.8
1529.9 -15.9
1530.79 -16
1531.68 -16.1
1532.57 -16.2
1533.46 -16.3
1534.35 -16.4
1535.24 -16.5
1536.13 -16.6
1537.02 -16.7
1537.91 -16.8
1538.81 -16.9
1539.7 -17
1540.59 -17.1
1541.48 -17.2
1542.37 -17.3
1543.26 -17.4
1544.15 -17.5
1545.04 -17.6
1545.93 -17.7
1546.82 -17.8
1547.71 -17.9
1548.6 -18
1549.5 -18.1
1550.39 -18.2
1551.28 -18.3
1552.17 -18.4
1553.06 -18.5
1553.95 -18.6
1554.84 -18.7
1555.73 -18.8
1556.62 -18.9
1557.51 -19
1558.4 -19.1
1559.29 -19.2
1560.18 -19.3
1561.08 -19.4
1561.97 -19.5
1562.86 -19.6
1563.75 -19.7
1564.64 -19.8
1565.53 -19.9
1566.42 -20
